<?xml version="1.0" encoding="UTF-8"?>
<robot generator="Robot 7.3.2 (Python 3.13.7 on darwin)" generated="2025-09-05T21:41:48.738224" rpa="false" schemaversion="5">
<suite id="s1" name="Health Check" source="/Users/theerapatngoipoothon/Desktop/Labs/github/public_repo/bot-test-api/tests/suites/health_check.robot">
<test id="s1-t1" name="Health Check Endpoint Should Return 200" line="6">
<kw name="Create API Session" owner="api_keywords">
<kw name="Create Session">
<msg time="2025-09-05T21:41:48.748361" level="FAIL">No keyword with name 'Create Session' found. Did you mean:
    api_keywords.Create API Session</msg>
<arg>api</arg>
<arg>${BASE_URL}</arg>
<arg>headers={"Content-Type": "${CONTENT_TYPE}"}</arg>
<status status="FAIL" start="2025-09-05T21:41:48.748348" elapsed="0.000034">No keyword with name 'Create Session' found. Did you mean:
    api_keywords.Create API Session</status>
</kw>
<status status="FAIL" start="2025-09-05T21:41:48.747913" elapsed="0.000530">No keyword with name 'Create Session' found. Did you mean:
    api_keywords.Create API Session</status>
</kw>
<kw name="Get Health Check" owner="api_keywords">
<var>${resp}</var>
<arg>/health</arg>
<status status="NOT RUN" start="2025-09-05T21:41:48.748529" elapsed="0.000011"/>
</kw>
<kw name="Log" owner="BuiltIn">
<arg>${resp.json()}</arg>
<doc>Logs the given message with the given level.</doc>
<status status="NOT RUN" start="2025-09-05T21:41:48.748592" elapsed="0.000009"/>
</kw>
<status status="FAIL" start="2025-09-05T21:41:48.747670" elapsed="0.000996">No keyword with name 'Create Session' found. Did you mean:
    api_keywords.Create API Session</status>
</test>
<test id="s1-t2" name="Search Employee All users" line="11">
<kw name="Create API Session" owner="api_keywords">
<kw name="Create Session">
<msg time="2025-09-05T21:41:48.749153" level="FAIL">No keyword with name 'Create Session' found. Did you mean:
    api_keywords.Create API Session</msg>
<arg>api</arg>
<arg>${BASE_URL}</arg>
<arg>headers={"Content-Type": "${CONTENT_TYPE}"}</arg>
<status status="FAIL" start="2025-09-05T21:41:48.749145" elapsed="0.000020">No keyword with name 'Create Session' found. Did you mean:
    api_keywords.Create API Session</status>
</kw>
<status status="FAIL" start="2025-09-05T21:41:48.748852" elapsed="0.000347">No keyword with name 'Create Session' found. Did you mean:
    api_keywords.Create API Session</status>
</kw>
<kw name="GET EMPLOYEE" owner="api_keywords">
<var>${resp}</var>
<arg>/api/employees</arg>
<status status="NOT RUN" start="2025-09-05T21:41:48.749265" elapsed="0.000010"/>
</kw>
<kw name="Log" owner="BuiltIn">
<arg>${resp.json()}</arg>
<doc>Logs the given message with the given level.</doc>
<status status="NOT RUN" start="2025-09-05T21:41:48.749320" elapsed="0.000008"/>
</kw>
<status status="FAIL" start="2025-09-05T21:41:48.748745" elapsed="0.000637">No keyword with name 'Create Session' found. Did you mean:
    api_keywords.Create API Session</status>
</test>
<status status="FAIL" start="2025-09-05T21:41:48.738707" elapsed="0.010811"/>
</suite>
<statistics>
<total>
<stat pass="0" fail="2" skip="0">All Tests</stat>
</total>
<tag>
</tag>
<suite>
<stat name="Health Check" id="s1" pass="0" fail="2" skip="0">Health Check</stat>
</suite>
</statistics>
<errors>
<msg time="2025-09-05T21:41:48.747211" level="ERROR">Error in file '/Users/theerapatngoipoothon/Desktop/Labs/github/public_repo/bot-test-api/tests/resources/api_keywords.robot' on line 2: Importing library 'RequestsLibrary' failed: ModuleNotFoundError: No module named 'RequestsLibrary'
Traceback (most recent call last):
  None
PYTHONPATH:
  /opt/homebrew/Cellar/robot-framework/7.3.2_1/libexec/bin
  /opt/homebrew/Cellar/python@3.13/3.13.7/Frameworks/Python.framework/Versions/3.13/lib/python313.zip
  /opt/homebrew/Cellar/python@3.13/3.13.7/Frameworks/Python.framework/Versions/3.13/lib/python3.13
  /opt/homebrew/Cellar/python@3.13/3.13.7/Frameworks/Python.framework/Versions/3.13/lib/python3.13/lib-dynload
  /opt/homebrew/Cellar/robot-framework/7.3.2_1/libexec/lib/python3.13/site-packages
  /opt/homebrew/opt/certifi/lib/python3.13/site-packages
  /opt/homebrew/opt/cryptography/lib/python3.13/site-packages
  /opt/homebrew/opt/cffi/lib/python3.13/site-packages
  /opt/homebrew/opt/pycparser/lib/python3.13/site-packages
  /opt/homebrew/lib/python3.13/site-packages</msg>
</errors>
</robot>
