<?xml version="1.0" encoding="UTF-8"?>
<robot generator="Robot 7.3.2 (Python 3.13.7 on win32)" generated="2025-09-04T19:47:48.594915" rpa="false" schemaversion="5">
<suite id="s1" name="Health Check" source="D:\LabsProject\github\public_repo\bot-test-api\tests\suites\health_check.robot">
<test id="s1-t1" name="Health Check Endpoint Should Return 200" line="6">
<kw name="Create API Session" owner="api_keywords">
<kw name="Create Session" owner="RequestsLibrary">
<msg time="2025-09-04T19:47:49.145919" level="INFO">Creating Session using : alias=api, url=http://localhost:3000, headers={'Content-Type': 'application/json'},                     cookies={}, auth=None, timeout=None, proxies=None, verify=False,                     debug=0 </msg>
<arg>api</arg>
<arg>${BASE_URL}</arg>
<arg>headers={"Content-Type": "${CONTENT_TYPE}"}</arg>
<doc>Create Session: create a HTTP session to a server</doc>
<status status="PASS" start="2025-09-04T19:47:49.145294" elapsed="0.000973"/>
</kw>
<status status="PASS" start="2025-09-04T19:47:49.144298" elapsed="0.002129"/>
</kw>
<kw name="Get Health Check" owner="api_keywords">
<kw name="GET On Session" owner="RequestsLibrary">
<msg time="2025-09-04T19:47:49.158769" level="INFO">GET Request : url=http://localhost:3000/health 
 path_url=/health 
 headers={'User-Agent': 'python-requests/2.32.4', 'Accept-Encoding': 'gzip, deflate', 'Accept': '*/*', 'Connection': 'keep-alive', 'Content-Type': 'application/json'} 
 body=None 
 </msg>
<msg time="2025-09-04T19:47:49.159057" level="INFO">GET Response : url=http://localhost:3000/health 
 status=200, reason=OK 
 headers={'Content-Security-Policy': "default-src 'self';base-uri 'self';font-src 'self' https: data:;form-action 'self';frame-ancestors 'self';img-src 'self' data:;object-src 'none';script-src 'self';script-src-attr 'none';style-src 'self' https: 'unsafe-inline';upgrade-insecure-requests", 'Cross-Origin-Opener-Policy': 'same-origin', 'Cross-Origin-Resource-Policy': 'same-origin', 'Origin-Agent-Cluster': '?1', 'Referrer-Policy': 'no-referrer', 'Strict-Transport-Security': 'max-age=31536000; includeSubDomains', 'X-Content-Type-Options': 'nosniff', 'X-DNS-Prefetch-Control': 'off', 'X-Download-Options': 'noopen', 'X-Frame-Options': 'SAMEORIGIN', 'X-Permitted-Cross-Domain-Policies': 'none', 'X-XSS-Protection': '0', 'Content-Type': 'application/json; charset=utf-8', 'Content-Length': '121', 'ETag': 'W/"79-TOdQebHfDVvUonMfr3q008GPUhQ"', 'Date': 'Thu, 04 Sep 2025 12:47:49 GMT', 'Connection': 'keep-alive', 'Keep-Alive': 'timeout=5'} 
 body={"status":"OK","timestamp":"2025-09-04T12:47:49.155Z","uptime":768.8044512,"environment":"development","version":"1.0.0"} 
 </msg>
<msg time="2025-09-04T19:47:49.159448" level="INFO">${response} = &lt;Response [200]&gt;</msg>
<var>${response}</var>
<arg>api</arg>
<arg>${endpoint}</arg>
<doc>Sends a GET request on a previously created HTTP Session.</doc>
<status status="PASS" start="2025-09-04T19:47:49.147429" elapsed="0.012110"/>
</kw>
<kw name="Should Be Equal As Integers" owner="BuiltIn">
<msg time="2025-09-04T19:47:49.161092" level="INFO">Argument types are:
&lt;class 'int'&gt;
&lt;class 'str'&gt;</msg>
<arg>${response.status_code}</arg>
<arg>200</arg>
<doc>Fails if objects are unequal after converting them to integers.</doc>
<status status="PASS" start="2025-09-04T19:47:49.159825" elapsed="0.001374"/>
</kw>
<return>
<value>${response}</value>
<status status="PASS" start="2025-09-04T19:47:49.161295" elapsed="0.000077"/>
</return>
<msg time="2025-09-04T19:47:49.161641" level="INFO">${resp} = &lt;Response [200]&gt;</msg>
<var>${resp}</var>
<arg>/health</arg>
<status status="PASS" start="2025-09-04T19:47:49.146902" elapsed="0.014780"/>
</kw>
<kw name="Log" owner="BuiltIn">
<msg time="2025-09-04T19:47:49.166884" level="INFO">{'status': 'OK', 'timestamp': '2025-09-04T12:47:49.155Z', 'uptime': 768.8044512, 'environment': 'development', 'version': '1.0.0'}</msg>
<arg>${resp.json()}</arg>
<doc>Logs the given message with the given level.</doc>
<status status="PASS" start="2025-09-04T19:47:49.166017" elapsed="0.000957"/>
</kw>
<status status="PASS" start="2025-09-04T19:47:49.143206" elapsed="0.024069"/>
</test>
<test id="s1-t2" name="Search Employee All users" line="11">
<kw name="Create API Session" owner="api_keywords">
<kw name="Create Session" owner="RequestsLibrary">
<msg time="2025-09-04T19:47:49.169209" level="INFO">Creating Session using : alias=api, url=http://localhost:3000, headers={'Content-Type': 'application/json'},                     cookies={}, auth=None, timeout=None, proxies=None, verify=False,                     debug=0 </msg>
<arg>api</arg>
<arg>${BASE_URL}</arg>
<arg>headers={"Content-Type": "${CONTENT_TYPE}"}</arg>
<doc>Create Session: create a HTTP session to a server</doc>
<status status="PASS" start="2025-09-04T19:47:49.168796" elapsed="0.000661"/>
</kw>
<status status="PASS" start="2025-09-04T19:47:49.168438" elapsed="0.001144"/>
</kw>
<kw name="GET EMPLOYEE" owner="api_keywords">
<kw name="GET On Session" owner="RequestsLibrary">
<msg time="2025-09-04T19:47:49.285637" level="INFO">GET Request : url=http://localhost:3000/api/employees 
 path_url=/api/employees 
 headers={'User-Agent': 'python-requests/2.32.4', 'Accept-Encoding': 'gzip, deflate', 'Accept': '*/*', 'Connection': 'keep-alive', 'Content-Type': 'application/json'} 
 body=None 
 </msg>
<msg time="2025-09-04T19:47:49.285777" level="INFO">GET Response : url=http://localhost:3000/api/employees 
 status=200, reason=OK 
 headers={'Content-Security-Policy': "default-src 'self';base-uri 'self';font-src 'self' https: data:;form-action 'self';frame-ancestors 'self';img-src 'self' data:;object-src 'none';script-src 'self';script-src-attr 'none';style-src 'self' https: 'unsafe-inline';upgrade-insecure-requests", 'Cross-Origin-Opener-Policy': 'same-origin', 'Cross-Origin-Resource-Policy': 'same-origin', 'Origin-Agent-Cluster': '?1', 'Referrer-Policy': 'no-referrer', 'Strict-Transport-Security': 'max-age=31536000; includeSubDomains', 'X-Content-Type-Options': 'nosniff', 'X-DNS-Prefetch-Control': 'off', 'X-Download-Options': 'noopen', 'X-Frame-Options': 'SAMEORIGIN', 'X-Permitted-Cross-Domain-Policies': 'none', 'X-XSS-Protection': '0', 'Content-Type': 'application/json; charset=utf-8', 'Content-Length': '10609', 'ETag': 'W/"2971-aoqkZesdpUVeIa73AkRPf1VHPJ4"', 'Date': 'Thu, 04 Sep 2025 12:47:49 GMT', 'Connection': 'keep-alive', 'Keep-Alive': 'timeout=5'} 
 body={"success":true,"data":[{"employee_id":23,"full_name":"Kwanjai Santara","first_name":"Kwanjai","last_name":"Santara","email":"kwanjai.santara064@company.com","salary":"53064.00","department_name":"Sales","hire_date":"2020-11-19T17:00:00.000Z","is_active":true},{"employee_id":21,"full_name":"Plathorn Maithong","first_name":"Plathorn","last_name":"Maithong","email":"plathorn.maithong297@company.com","salary":"36175.00","department_name":"Human Resources","hire_date":"2020-12-17T17:00:00.000Z","is_active":true},{"employee_id":40,"full_name":"Kathryn Vaughan","first_name":"Kathryn","last_name":"Vaughan","email":"kathryn.vaughan773@company.com","salary":"19133.00","department_name":"Marketing","hire_date":"2020-12-31T17:00:00.000Z","is_active":true},{"employee_id":18,"full_name":"Pitipat Suwichada","first_name":"Pitipat","last_name":"Suwichada","email":"pitipat.suwichada838@company.com","salary":"33098.00","department_name":"Human Resources","hire_date":"2021-03-29T17:00:00.000Z","is_active":true},{"employee_id":27,"full_name":"Thammika Chonlatee","first_name":"Thammika","last_name":"Chonlatee","email":"thammika.chonlatee139@company.com","salary":"86742.00","department_name":"Marketing","hire_date":"2021-05-11T17:00:00.000Z","is_active":true},{"employee_id":41,"full_name":"Wendy Farley","first_name":"Wendy","last_name":"Farley","email":"wendy.farley747@company.com","salary":"73899.00","department_name":"Marketing","hire_date":"2021-08-19T17:00:00.000Z","is_active":true},{"employee_id":52,"full_name":"Tatiana Ross","first_name":"Tatiana","last_name":"Ross","email":"tatiana.ross857@company.com","salary":"24629.00","department_name":"Human Resources","hire_date":"2021-10-21T17:00:00.000Z","is_active":true},{"employee_id":45,"full_name":"Tatiana Wright","first_name":"Tatiana","last_name":"Wright","email":"tatiana.wright339@company.com","salary":"68498.00","department_name":"Human Resources","hire_date":"2021-11-21T17:00:00.000Z","is_active":true},{"employee_id":49,"full_name":"Wendy Cardenas","first_name":"Wendy","last_name":"Cardenas","email":"wendy.cardenas202@company.com","salary":"72635.00","department_name":"Engineering","hire_date":"2022-04-21T17:00:00.000Z","is_active":true},{"employee_id":50,"full_name":"Kathryn Farley","first_name":"Kathryn","last_name":"Farley","email":"kathryn.farley252@company.com","salary":"77201.00","department_name":"Sales","hire_date":"2022-05-12T17:00:00.000Z","is_active":true},{"employee_id":29,"full_name":"Wongsawatdikul Gongkiatsakul","first_name":"Wongsawatdikul","last_name":"Gongkiatsakul","email":"wongsawatdikul.gongkiatsakul678@company.com","salary":"74361.00","department_name":"Finance","hire_date":"2022-06-25T17:00:00.000Z","is_active":true},{"employee_id":30,"full_name":"Kwanjai Santara","first_name":"Kwanjai","last_name":"Santara","email":"kwanjai.santara448@company.com","salary":"24516.00","department_name":"Human Resources","hire_date":"2022-08-08T17:00:00.000Z","is_active":true},{"employee_id":34,"full_name":"Wongsawatdikul Komsakul","first_name":"Wongsawatdikul","last_name":"Komsakul","email":"wongsawatdikul.komsakul201@company.com","salary":"58326.00","department_name":"Human Resources","hire_date":"2022-09-23T17:00:00.000Z","is_active":true},{"employee_id":35,"full_name":"Pitipat Gongkiatsakul","first_name":"Pitipat","last_name":"Gongkiatsakul","email":"pitipat.gongkiatsakul488@company.com","salary":"44816.00","department_name":"Sales","hire_date":"2022-12-20T17:00:00.000Z","is_active":true},{"employee_id":28,"full_name":"Suwansiri Chonlatee","first_name":"Suwansiri","last_name":"Chonlatee","email":"suwansiri.chonlatee325@company.com","salary":"94659.00","department_name":"Sales","hire_date":"2023-01-17T17:00:00.000Z","is_active":true},{"employee_id":37,"full_name":"Wongsawatdikul Chonlatee","first_name":"Wongsawatdikul","last_name":"Chonlatee","email":"wongsawatdikul.chonlatee527@company.com","salary":"53851.00","department_name":"Finance","hire_date":"2023-03-14T17:00:00.000Z","is_active":true},{"employee_id":38,"full_name":"Wendy Ross","first_name":"Wendy","last_name":"Ross","email":"wendy.ross192@company.com","salary":"11858.00","department_name":"Sales","hire_date":"2023-04-04T17:00:00.000Z","is_active":true},{"employee_id":36,"full_name":"Kwanjai Komsakul","first_name":"Kwanjai","last_name":"Komsakul","email":"kwanjai.komsakul560@company.com","salary":"75797.00","department_name":"Marketing","hire_date":"2023-04-12T17:00:00.000Z","is_active":true},{"employee_id":48,"full_name":"Tatiana Ross","first_name":"Tatiana","last_name":"Ross","email":"tatiana.ross057@company.com","salary":"97097.00","department_name":"Human Resources","hire_date":"2023-07-12T17:00:00.000Z","is_active":true},{"employee_id":56,"full_name":"Tatiana Cardenas","first_name":"Tatiana","last_name":"Cardenas","email":"tatiana.cardenas819@company.com","salary":"39648.00","department_name":"Finance","hire_date":"2023-07-13T17:00:00.000Z","is_active":true},{"employee_id":47,"full_name":"Tatiana Farley","first_name":"Tatiana","last_name":"Farley","email":"tatiana.farley333@company.com","salary":"56136.00","department_name":"Engineering","hire_date":"2023-08-03T17:00:00.000Z","is_active":true},{"employee_id":54,"full_name":"Beatrice Cardenas","first_name":"Beatrice","last_name":"Cardenas","email":"beatrice.cardenas124@company.com","salary":"69543.00","department_name":"Marketing","hire_date":"2023-09-16T17:00:00.000Z","is_active":true},{"employee_id":19,"full_name":"Thammika Jantarasomkiat","first_name":"Thammika","last_name":"Jantarasomkiat","email":"thammika.jantarasomkiat007@company.com","salary":"93352.00","department_name":"Human Resources","hire_date":"2023-10-17T17:00:00.000Z","is_active":true},{"employee_id":39,"full_name":"Wendy Farley","first_name":"Wendy","last_name":"Farley","email":"wendy.farley437@company.com","salary":"89887.00","department_name":"Finance","hire_date":"2023-12-15T17:00:00.000Z","is_active":true},{"employee_id":26,"full_name":"Tanida Maithong","first_name":"Tanida","last_name":"Maithong","email":"tanida.maithong181@company.com","salary":"12290.00","department_name":"Marketing","hire_date":"2024-02-14T17:00:00.000Z","is_active":true},{"employee_id":31,"full_name":"Thammika Suwichada","first_name":"Thammika","last_name":"Suwichada","email":"thammika.suwichada816@company.com","salary":"53042.00","department_name":"Sales","hire_date":"2024-04-15T17:00:00.000Z","is_active":true},{"employee_id":43,"full_name":"Tatiana Wright","first_name":"Tatiana","last_name":"Wright","email":"tatiana.wright046@company.com","salary":"97961.00","department_name":"Marketing","hire_date":"2024-08-30T17:00:00.000Z","is_active":true},{"employee_id":20,"full_name":"Wongsawatdikul Jantarasomkiat","first_name":"Wongsawatdikul","last_name":"Jantarasomkiat","email":"wongsawatdikul.jantarasomkiat965@company.com","salary":"41817.00","department_name":"Engineering","hire_date":"2024-10-13T17:00:00.000Z","is_active":true},{"employee_id":32,"full_name":"Suwansiri Santara","first_name":"Suwansiri","last_name":"Santara","email":"suwansiri.santara653@company.com","salary":"44952.00","department_name":"Finance","hire_date":"2024-10-16T17:00:00.000Z","is_active":true},{"employee_id":25,"full_name":"Thammika Pornpak","first_name":"Thammika","last_name":"Pornpak","email":"thammika.pornpak627@company.com","salary":"57630.00","department_name":"Marketing","hire_date":"2024-10-25T17:00:00.000Z","is_active":true},{"employee_id":53,"full_name":"Erin Cardenas","first_name":"Erin","last_name":"Cardenas","email":"erin.cardenas011@company.com","salary":"86778.00","department_name":"Engineering","hire_date":"2024-10-27T17:00:00.000Z","is_active":true},{"employee_id":57,"full_name":"Wendy Cardenas","first_name":"Wendy","last_name":"Cardenas","email":"wendy.cardenas704@company.com","salary":"22824.00","department_name":"Human Resources","hire_date":"2024-11-13T17:00:00.000Z","is_active":true},{"employee_id":51,"full_name":"Angel Wright","first_name":"Angel","last_name":"Wright","email":"angel.wright087@company.com","salary":"21193.00","department_name":"Marketing","hire_date":"2024-11-20T17:00:00.000Z","is_active":true},{"employee_id":24,"full_name":"Wongsawatdikul Jantarasomkiat","first_name":"Wongsawatdikul","last_name":"Jantarasomkiat","email":"wongsawatdikul.jantarasomkiat200@company.com","salary":"55171.00","department_name":"Engineering","hire_date":"2024-11-30T17:00:00.000Z","is_active":true},{"employee_id":58,"full_name":"Beatrice Buckley","first_name":"Beatrice","last_name":"Buckley","email":"beatrice.buckley966@company.com","salary":"32709.00","department_name":"Finance","hire_date":"2024-12-15T17:00:00.000Z","is_active":true},{"employee_id":44,"full_name":"Angel Wright","first_name":"Angel","last_name":"Wright","email":"angel.wright686@company.com","salary":"98949.00","department_name":"Marketing","hire_date":"2024-12-28T17:00:00.000Z","is_active":true},{"employee_id":91,"full_name":"Erin Farley","first_name":"Erin","last_name":"Farley","email":"erin.farley366@company.com","salary":"34833.00","department_name":"Sales","hire_date":"2025-02-07T17:00:00.000Z","is_active":true},{"employee_id":42,"full_name":"Beatrice Vaughan","first_name":"Beatrice","last_name":"Vaughan","email":"beatrice.vaughan438@company.com","salary":"77870.00","department_name":"Finance","hire_date":"2025-03-22T17:00:00.000Z","is_active":true},{"employee_id":46,"full_name":"Beatrice Farley","first_name":"Beatrice","last_name":"Farley","email":"beatrice.farley790@company.com","salary":"74172.00","department_name":"Human Resources","hire_date":"2025-04-01T17:00:00.000Z","is_active":true},{"employee_id":55,"full_name":"Angel Buckley","first_name":"Angel","last_name":"Buckley","email":"angel.buckley470@company.com","salary":"26351.00","department_name":"Finance","hire_date":"2025-04-25T17:00:00.000Z","is_active":true},{"employee_id":33,"full_name":"Kwanjai Suwichada","first_name":"Kwanjai","last_name":"Suwichada","email":"kwanjai.suwichada467@company.c... (set the log level to DEBUG or TRACE to see the full content) 
 </msg>
<msg time="2025-09-04T19:47:49.286157" level="INFO">${response} = &lt;Response [200]&gt;</msg>
<var>${response}</var>
<arg>api</arg>
<arg>${endpoint}</arg>
<doc>Sends a GET request on a previously created HTTP Session.</doc>
<status status="PASS" start="2025-09-04T19:47:49.170333" elapsed="0.115852"/>
</kw>
<kw name="Should Be Equal As Integers" owner="BuiltIn">
<msg time="2025-09-04T19:47:49.286820" level="INFO">Argument types are:
&lt;class 'int'&gt;
&lt;class 'str'&gt;</msg>
<arg>${response.status_code}</arg>
<arg>200</arg>
<doc>Fails if objects are unequal after converting them to integers.</doc>
<status status="PASS" start="2025-09-04T19:47:49.286351" elapsed="0.000568"/>
</kw>
<return>
<value>${response}</value>
<status status="PASS" start="2025-09-04T19:47:49.286973" elapsed="0.000050"/>
</return>
<msg time="2025-09-04T19:47:49.287154" level="INFO">${resp} = &lt;Response [200]&gt;</msg>
<var>${resp}</var>
<arg>/api/employees</arg>
<status status="PASS" start="2025-09-04T19:47:49.169965" elapsed="0.117211"/>
</kw>
<kw name="Log" owner="BuiltIn">
<msg time="2025-09-04T19:47:49.288129" level="INFO">{'success': True, 'data': [{'employee_id': 23, 'full_name': 'Kwanjai Santara', 'first_name': 'Kwanjai', 'last_name': 'Santara', 'email': 'kwanjai.santara064@company.com', 'salary': '53064.00', 'department_name': 'Sales', 'hire_date': '2020-11-19T17:00:00.000Z', 'is_active': True}, {'employee_id': 21, 'full_name': 'Plathorn Maithong', 'first_name': 'Plathorn', 'last_name': 'Maithong', 'email': 'plathorn.maithong297@company.com', 'salary': '36175.00', 'department_name': 'Human Resources', 'hire_date': '2020-12-17T17:00:00.000Z', 'is_active': True}, {'employee_id': 40, 'full_name': 'Kathryn Vaughan', 'first_name': 'Kathryn', 'last_name': 'Vaughan', 'email': 'kathryn.vaughan773@company.com', 'salary': '19133.00', 'department_name': 'Marketing', 'hire_date': '2020-12-31T17:00:00.000Z', 'is_active': True}, {'employee_id': 18, 'full_name': 'Pitipat Suwichada', 'first_name': 'Pitipat', 'last_name': 'Suwichada', 'email': 'pitipat.suwichada838@company.com', 'salary': '33098.00', 'department_name': 'Human Resources', 'hire_date': '2021-03-29T17:00:00.000Z', 'is_active': True}, {'employee_id': 27, 'full_name': 'Thammika Chonlatee', 'first_name': 'Thammika', 'last_name': 'Chonlatee', 'email': 'thammika.chonlatee139@company.com', 'salary': '86742.00', 'department_name': 'Marketing', 'hire_date': '2021-05-11T17:00:00.000Z', 'is_active': True}, {'employee_id': 41, 'full_name': 'Wendy Farley', 'first_name': 'Wendy', 'last_name': 'Farley', 'email': 'wendy.farley747@company.com', 'salary': '73899.00', 'department_name': 'Marketing', 'hire_date': '2021-08-19T17:00:00.000Z', 'is_active': True}, {'employee_id': 52, 'full_name': 'Tatiana Ross', 'first_name': 'Tatiana', 'last_name': 'Ross', 'email': 'tatiana.ross857@company.com', 'salary': '24629.00', 'department_name': 'Human Resources', 'hire_date': '2021-10-21T17:00:00.000Z', 'is_active': True}, {'employee_id': 45, 'full_name': 'Tatiana Wright', 'first_name': 'Tatiana', 'last_name': 'Wright', 'email': 'tatiana.wright339@company.com', 'salary': '68498.00', 'department_name': 'Human Resources', 'hire_date': '2021-11-21T17:00:00.000Z', 'is_active': True}, {'employee_id': 49, 'full_name': 'Wendy Cardenas', 'first_name': 'Wendy', 'last_name': 'Cardenas', 'email': 'wendy.cardenas202@company.com', 'salary': '72635.00', 'department_name': 'Engineering', 'hire_date': '2022-04-21T17:00:00.000Z', 'is_active': True}, {'employee_id': 50, 'full_name': 'Kathryn Farley', 'first_name': 'Kathryn', 'last_name': 'Farley', 'email': 'kathryn.farley252@company.com', 'salary': '77201.00', 'department_name': 'Sales', 'hire_date': '2022-05-12T17:00:00.000Z', 'is_active': True}, {'employee_id': 29, 'full_name': 'Wongsawatdikul Gongkiatsakul', 'first_name': 'Wongsawatdikul', 'last_name': 'Gongkiatsakul', 'email': 'wongsawatdikul.gongkiatsakul678@company.com', 'salary': '74361.00', 'department_name': 'Finance', 'hire_date': '2022-06-25T17:00:00.000Z', 'is_active': True}, {'employee_id': 30, 'full_name': 'Kwanjai Santara', 'first_name': 'Kwanjai', 'last_name': 'Santara', 'email': 'kwanjai.santara448@company.com', 'salary': '24516.00', 'department_name': 'Human Resources', 'hire_date': '2022-08-08T17:00:00.000Z', 'is_active': True}, {'employee_id': 34, 'full_name': 'Wongsawatdikul Komsakul', 'first_name': 'Wongsawatdikul', 'last_name': 'Komsakul', 'email': 'wongsawatdikul.komsakul201@company.com', 'salary': '58326.00', 'department_name': 'Human Resources', 'hire_date': '2022-09-23T17:00:00.000Z', 'is_active': True}, {'employee_id': 35, 'full_name': 'Pitipat Gongkiatsakul', 'first_name': 'Pitipat', 'last_name': 'Gongkiatsakul', 'email': 'pitipat.gongkiatsakul488@company.com', 'salary': '44816.00', 'department_name': 'Sales', 'hire_date': '2022-12-20T17:00:00.000Z', 'is_active': True}, {'employee_id': 28, 'full_name': 'Suwansiri Chonlatee', 'first_name': 'Suwansiri', 'last_name': 'Chonlatee', 'email': 'suwansiri.chonlatee325@company.com', 'salary': '94659.00', 'department_name': 'Sales', 'hire_date': '2023-01-17T17:00:00.000Z', 'is_active': True}, {'employee_id': 37, 'full_name': 'Wongsawatdikul Chonlatee', 'first_name': 'Wongsawatdikul', 'last_name': 'Chonlatee', 'email': 'wongsawatdikul.chonlatee527@company.com', 'salary': '53851.00', 'department_name': 'Finance', 'hire_date': '2023-03-14T17:00:00.000Z', 'is_active': True}, {'employee_id': 38, 'full_name': 'Wendy Ross', 'first_name': 'Wendy', 'last_name': 'Ross', 'email': 'wendy.ross192@company.com', 'salary': '11858.00', 'department_name': 'Sales', 'hire_date': '2023-04-04T17:00:00.000Z', 'is_active': True}, {'employee_id': 36, 'full_name': 'Kwanjai Komsakul', 'first_name': 'Kwanjai', 'last_name': 'Komsakul', 'email': 'kwanjai.komsakul560@company.com', 'salary': '75797.00', 'department_name': 'Marketing', 'hire_date': '2023-04-12T17:00:00.000Z', 'is_active': True}, {'employee_id': 48, 'full_name': 'Tatiana Ross', 'first_name': 'Tatiana', 'last_name': 'Ross', 'email': 'tatiana.ross057@company.com', 'salary': '97097.00', 'department_name': 'Human Resources', 'hire_date': '2023-07-12T17:00:00.000Z', 'is_active': True}, {'employee_id': 56, 'full_name': 'Tatiana Cardenas', 'first_name': 'Tatiana', 'last_name': 'Cardenas', 'email': 'tatiana.cardenas819@company.com', 'salary': '39648.00', 'department_name': 'Finance', 'hire_date': '2023-07-13T17:00:00.000Z', 'is_active': True}, {'employee_id': 47, 'full_name': 'Tatiana Farley', 'first_name': 'Tatiana', 'last_name': 'Farley', 'email': 'tatiana.farley333@company.com', 'salary': '56136.00', 'department_name': 'Engineering', 'hire_date': '2023-08-03T17:00:00.000Z', 'is_active': True}, {'employee_id': 54, 'full_name': 'Beatrice Cardenas', 'first_name': 'Beatrice', 'last_name': 'Cardenas', 'email': 'beatrice.cardenas124@company.com', 'salary': '69543.00', 'department_name': 'Marketing', 'hire_date': '2023-09-16T17:00:00.000Z', 'is_active': True}, {'employee_id': 19, 'full_name': 'Thammika Jantarasomkiat', 'first_name': 'Thammika', 'last_name': 'Jantarasomkiat', 'email': 'thammika.jantarasomkiat007@company.com', 'salary': '93352.00', 'department_name': 'Human Resources', 'hire_date': '2023-10-17T17:00:00.000Z', 'is_active': True}, {'employee_id': 39, 'full_name': 'Wendy Farley', 'first_name': 'Wendy', 'last_name': 'Farley', 'email': 'wendy.farley437@company.com', 'salary': '89887.00', 'department_name': 'Finance', 'hire_date': '2023-12-15T17:00:00.000Z', 'is_active': True}, {'employee_id': 26, 'full_name': 'Tanida Maithong', 'first_name': 'Tanida', 'last_name': 'Maithong', 'email': 'tanida.maithong181@company.com', 'salary': '12290.00', 'department_name': 'Marketing', 'hire_date': '2024-02-14T17:00:00.000Z', 'is_active': True}, {'employee_id': 31, 'full_name': 'Thammika Suwichada', 'first_name': 'Thammika', 'last_name': 'Suwichada', 'email': 'thammika.suwichada816@company.com', 'salary': '53042.00', 'department_name': 'Sales', 'hire_date': '2024-04-15T17:00:00.000Z', 'is_active': True}, {'employee_id': 43, 'full_name': 'Tatiana Wright', 'first_name': 'Tatiana', 'last_name': 'Wright', 'email': 'tatiana.wright046@company.com', 'salary': '97961.00', 'department_name': 'Marketing', 'hire_date': '2024-08-30T17:00:00.000Z', 'is_active': True}, {'employee_id': 20, 'full_name': 'Wongsawatdikul Jantarasomkiat', 'first_name': 'Wongsawatdikul', 'last_name': 'Jantarasomkiat', 'email': 'wongsawatdikul.jantarasomkiat965@company.com', 'salary': '41817.00', 'department_name': 'Engineering', 'hire_date': '2024-10-13T17:00:00.000Z', 'is_active': True}, {'employee_id': 32, 'full_name': 'Suwansiri Santara', 'first_name': 'Suwansiri', 'last_name': 'Santara', 'email': 'suwansiri.santara653@company.com', 'salary': '44952.00', 'department_name': 'Finance', 'hire_date': '2024-10-16T17:00:00.000Z', 'is_active': True}, {'employee_id': 25, 'full_name': 'Thammika Pornpak', 'first_name': 'Thammika', 'last_name': 'Pornpak', 'email': 'thammika.pornpak627@company.com', 'salary': '57630.00', 'department_name': 'Marketing', 'hire_date': '2024-10-25T17:00:00.000Z', 'is_active': True}, {'employee_id': 53, 'full_name': 'Erin Cardenas', 'first_name': 'Erin', 'last_name': 'Cardenas', 'email': 'erin.cardenas011@company.com', 'salary': '86778.00', 'department_name': 'Engineering', 'hire_date': '2024-10-27T17:00:00.000Z', 'is_active': True}, {'employee_id': 57, 'full_name': 'Wendy Cardenas', 'first_name': 'Wendy', 'last_name': 'Cardenas', 'email': 'wendy.cardenas704@company.com', 'salary': '22824.00', 'department_name': 'Human Resources', 'hire_date': '2024-11-13T17:00:00.000Z', 'is_active': True}, {'employee_id': 51, 'full_name': 'Angel Wright', 'first_name': 'Angel', 'last_name': 'Wright', 'email': 'angel.wright087@company.com', 'salary': '21193.00', 'department_name': 'Marketing', 'hire_date': '2024-11-20T17:00:00.000Z', 'is_active': True}, {'employee_id': 24, 'full_name': 'Wongsawatdikul Jantarasomkiat', 'first_name': 'Wongsawatdikul', 'last_name': 'Jantarasomkiat', 'email': 'wongsawatdikul.jantarasomkiat200@company.com', 'salary': '55171.00', 'department_name': 'Engineering', 'hire_date': '2024-11-30T17:00:00.000Z', 'is_active': True}, {'employee_id': 58, 'full_name': 'Beatrice Buckley', 'first_name': 'Beatrice', 'last_name': 'Buckley', 'email': 'beatrice.buckley966@company.com', 'salary': '32709.00', 'department_name': 'Finance', 'hire_date': '2024-12-15T17:00:00.000Z', 'is_active': True}, {'employee_id': 44, 'full_name': 'Angel Wright', 'first_name': 'Angel', 'last_name': 'Wright', 'email': 'angel.wright686@company.com', 'salary': '98949.00', 'department_name': 'Marketing', 'hire_date': '2024-12-28T17:00:00.000Z', 'is_active': True}, {'employee_id': 91, 'full_name': 'Erin Farley', 'first_name': 'Erin', 'last_name': 'Farley', 'email': 'erin.farley366@company.com', 'salary': '34833.00', 'department_name': 'Sales', 'hire_date': '2025-02-07T17:00:00.000Z', 'is_active': True}, {'employee_id': 42, 'full_name': 'Beatrice Vaughan', 'first_name': 'Beatrice', 'last_name': 'Vaughan', 'email': 'beatrice.vaughan438@company.com', 'salary': '77870.00', 'department_name': 'Finance', 'hire_date': '2025-03-22T17:00:00.000Z', 'is_active': True}, {'employee_id': 46, 'full_name': 'Beatrice Farley', 'first_name': 'Beatrice', 'last_name': 'Farley', 'email': 'beatrice.farley790@company.com', 'salary': '74172.00', 'department_name': 'Human Resources', 'hire_date': '2025-04-01T17:00:00.000Z', 'is_active': True}, {'employee_id': 55, 'full_name': 'Angel Buckley', 'first_name': 'Angel', 'last_name': 'Buckley', 'email': 'angel.buckley470@company.com', 'salary': '26351.00', 'department_name': 'Finance', 'hire_date': '2025-04-25T17:00:00.000Z', 'is_active': True}, {'employee_id': 33, 'full_name': 'Kwanjai Suwichada', 'first_name': 'Kwanjai', 'last_name': 'Suwichada', 'email': 'kwanjai.suwichada467@company.com', 'salary': '30547.00', 'department_name': 'Finance', 'hire_date': '2025-05-06T17:00:00.000Z', 'is_active': True}, {'employee_id': 22, 'full_name': 'Kwanjai Chonlatee', 'first_name': 'Kwanjai', 'last_name': 'Chonlatee', 'email': 'kwanjai.chonlatee507@company.com', 'salary': '66381.00', 'department_name': 'Human Resources', 'hire_date': '2025-06-07T17:00:00.000Z', 'is_active': True}, {'employee_id': 92, 'full_name': 'Angel Buckley', 'first_name': 'Angel', 'last_name': 'Buckley', 'email': 'angel.buckley439@company.com', 'salary': '54092.00', 'department_name': 'Marketing', 'hire_date': '2025-06-13T17:00:00.000Z', 'is_active': True}], 'count': 43}</msg>
<arg>${resp.json()}</arg>
<doc>Logs the given message with the given level.</doc>
<status status="PASS" start="2025-09-04T19:47:49.287471" elapsed="0.000818"/>
</kw>
<status status="PASS" start="2025-09-04T19:47:49.167891" elapsed="0.120670"/>
</test>
<status status="PASS" start="2025-09-04T19:47:48.596996" elapsed="0.692493"/>
</suite>
<statistics>
<total>
<stat pass="2" fail="0" skip="0">All Tests</stat>
</total>
<tag>
</tag>
<suite>
<stat name="Health Check" id="s1" pass="2" fail="0" skip="0">Health Check</stat>
</suite>
</statistics>
<errors>
</errors>
</robot>
